Determining if the function mach_absolute_time exists failed with the following output:
Change Dir: /usa/dheck/muster/muster/linux-x86_64/CMakeFiles/CMakeTmp

Run Build Command:"/usr/bin/make" "cmTC_688ec/fast"
/usr/bin/make -f CMakeFiles/cmTC_688ec.dir/build.make CMakeFiles/cmTC_688ec.dir/build
make[1]: Entering directory '/home/dheck/muster/muster/linux-x86_64/CMakeFiles/CMakeTmp'
Building C object CMakeFiles/cmTC_688ec.dir/CheckFunctionExists.c.o
/usr/bin/cc   -I/usa/dheck/muster/muster/linux-x86_64/CMakeFiles/CMakeTmp/mach/mach.h -I/usa/dheck/muster/muster/linux-x86_64/CMakeFiles/CMakeTmp/mach/mach_time.h  -DCHECK_FUNCTION_EXISTS=mach_absolute_time   -o CMakeFiles/cmTC_688ec.dir/CheckFunctionExists.c.o   -c /usr/share/cmake-3.5/Modules/CheckFunctionExists.c
Linking C executable cmTC_688ec
/usr/bin/cmake -E cmake_link_script CMakeFiles/cmTC_688ec.dir/link.txt --verbose=1
/usr/bin/cc   -DCHECK_FUNCTION_EXISTS=mach_absolute_time    CMakeFiles/cmTC_688ec.dir/CheckFunctionExists.c.o  -o cmTC_688ec -rdynamic 
CMakeFiles/cmTC_688ec.dir/CheckFunctionExists.c.o: In function `main':
CheckFunctionExists.c:(.text+0x15): undefined reference to `mach_absolute_time'
collect2: error: ld returned 1 exit status
CMakeFiles/cmTC_688ec.dir/build.make:97: recipe for target 'cmTC_688ec' failed
make[1]: *** [cmTC_688ec] Error 1
make[1]: Leaving directory '/home/dheck/muster/muster/linux-x86_64/CMakeFiles/CMakeTmp'
Makefile:126: recipe for target 'cmTC_688ec/fast' failed
make: *** [cmTC_688ec/fast] Error 2


Determining if the pthread_create exist failed with the following output:
Change Dir: /usa/dheck/muster/muster/linux-x86_64/CMakeFiles/CMakeTmp

Run Build Command:"/usr/bin/make" "cmTC_07905/fast"
/usr/bin/make -f CMakeFiles/cmTC_07905.dir/build.make CMakeFiles/cmTC_07905.dir/build
make[1]: Entering directory '/home/dheck/muster/muster/linux-x86_64/CMakeFiles/CMakeTmp'
Building C object CMakeFiles/cmTC_07905.dir/CheckSymbolExists.c.o
/usr/bin/cc    -fPIC    -o CMakeFiles/cmTC_07905.dir/CheckSymbolExists.c.o   -c /usa/dheck/muster/muster/linux-x86_64/CMakeFiles/CMakeTmp/CheckSymbolExists.c
Linking C executable cmTC_07905
/usr/bin/cmake -E cmake_link_script CMakeFiles/cmTC_07905.dir/link.txt --verbose=1
/usr/bin/cc  -fPIC     CMakeFiles/cmTC_07905.dir/CheckSymbolExists.c.o  -o cmTC_07905 -rdynamic 
CMakeFiles/cmTC_07905.dir/CheckSymbolExists.c.o: In function `main':
CheckSymbolExists.c:(.text+0x1b): undefined reference to `pthread_create'
collect2: error: ld returned 1 exit status
CMakeFiles/cmTC_07905.dir/build.make:97: recipe for target 'cmTC_07905' failed
make[1]: *** [cmTC_07905] Error 1
make[1]: Leaving directory '/home/dheck/muster/muster/linux-x86_64/CMakeFiles/CMakeTmp'
Makefile:126: recipe for target 'cmTC_07905/fast' failed
make: *** [cmTC_07905/fast] Error 2

File /usa/dheck/muster/muster/linux-x86_64/CMakeFiles/CMakeTmp/CheckSymbolExists.c:
/* */
#include <pthread.h>

int main(int argc, char** argv)
{
  (void)argv;
#ifndef pthread_create
  return ((int*)(&pthread_create))[argc];
#else
  (void)argc;
  return 0;
#endif
}

Determining if the function pthread_create exists in the pthreads failed with the following output:
Change Dir: /usa/dheck/muster/muster/linux-x86_64/CMakeFiles/CMakeTmp

Run Build Command:"/usr/bin/make" "cmTC_7c6c8/fast"
/usr/bin/make -f CMakeFiles/cmTC_7c6c8.dir/build.make CMakeFiles/cmTC_7c6c8.dir/build
make[1]: Entering directory '/home/dheck/muster/muster/linux-x86_64/CMakeFiles/CMakeTmp'
Building C object CMakeFiles/cmTC_7c6c8.dir/CheckFunctionExists.c.o
/usr/bin/cc    -fPIC -DCHECK_FUNCTION_EXISTS=pthread_create   -o CMakeFiles/cmTC_7c6c8.dir/CheckFunctionExists.c.o   -c /usr/share/cmake-3.5/Modules/CheckFunctionExists.c
Linking C executable cmTC_7c6c8
/usr/bin/cmake -E cmake_link_script CMakeFiles/cmTC_7c6c8.dir/link.txt --verbose=1
/usr/bin/cc  -fPIC -DCHECK_FUNCTION_EXISTS=pthread_create    CMakeFiles/cmTC_7c6c8.dir/CheckFunctionExists.c.o  -o cmTC_7c6c8 -rdynamic -lpthreads 
/usr/bin/ld: cannot find -lpthreads
collect2: error: ld returned 1 exit status
CMakeFiles/cmTC_7c6c8.dir/build.make:97: recipe for target 'cmTC_7c6c8' failed
make[1]: *** [cmTC_7c6c8] Error 1
make[1]: Leaving directory '/home/dheck/muster/muster/linux-x86_64/CMakeFiles/CMakeTmp'
Makefile:126: recipe for target 'cmTC_7c6c8/fast' failed
make: *** [cmTC_7c6c8/fast] Error 2


